[debug] [2021-09-19T07:00:26.928Z] ----------------------------------------------------------------------
[debug] [2021-09-19T07:00:26.930Z] Command:       /Users/ren/.nodebrew/node/v14.16.0/bin/node /Users/ren/myjlab/myjlab_summer_2021_teamM/app/my-vue-app/node_modules/.bin/firebase emulators:start --import=./data --export-on-exit
[debug] [2021-09-19T07:00:26.930Z] CLI Version:   9.18.0
[debug] [2021-09-19T07:00:26.930Z] Platform:      darwin
[debug] [2021-09-19T07:00:26.930Z] Node Version:  v14.16.0
[debug] [2021-09-19T07:00:26.931Z] Time:          Sun Sep 19 2021 16:00:26 GMT+0900 (日本標準時)
[debug] [2021-09-19T07:00:26.931Z] ----------------------------------------------------------------------
[debug] 
[debug] [2021-09-19T07:00:26.978Z] > command requires scopes: ["email","openid","https://www.googleapis.com/auth/cloudplatformprojects.readonly","https://www.googleapis.com/auth/firebase","https://www.googleapis.com/auth/cloud-platform"]
[debug] [2021-09-19T07:00:26.978Z] > authorizing via signed-in user (drrr0502@gmail.com)
[info] i  emulators: Starting emulators: auth, firestore, hosting, storage {"metadata":{"emulator":{"name":"hub"},"message":"Starting emulators: auth, firestore, hosting, storage"}}
[debug] [2021-09-19T07:00:26.996Z] [hub] writing locator at /var/folders/19/b3y5swk53mzbj1vjsrhwvzp00000gn/T/hub-myjlab-summer-tem-m.json
[warn] ⚠  firestore: Did not find a Cloud Firestore rules file specified in a firebase.json config file. {"metadata":{"emulator":{"name":"firestore"},"message":"Did not find a Cloud Firestore rules file specified in a firebase.json config file."}}
[warn] ⚠  firestore: The emulator will default to allowing all reads and writes. Learn more about this option: https://firebase.google.com/docs/emulator-suite/install_and_configure#security_rules_configuration. {"metadata":{"emulator":{"name":"firestore"},"message":"The emulator will default to allowing all reads and writes. Learn more about this option: https://firebase.google.com/docs/emulator-suite/install_and_configure#security_rules_configuration."}}
[debug] [2021-09-19T07:00:27.049Z] Ignoring unsupported arg: projectId {"metadata":{"emulator":{"name":"firestore"},"message":"Ignoring unsupported arg: projectId"}}
[debug] [2021-09-19T07:00:27.049Z] Ignoring unsupported arg: auto_download {"metadata":{"emulator":{"name":"firestore"},"message":"Ignoring unsupported arg: auto_download"}}
[debug] [2021-09-19T07:00:27.050Z] Starting Firestore Emulator with command {"binary":"java","args":["-Dgoogle.cloud_firestore.debug_log_level=FINE","-Duser.language=en","-jar","/Users/ren/.cache/firebase/emulators/cloud-firestore-emulator-v1.13.1.jar","--host","localhost","--port",8080],"optionalArgs":["port","webchannel_port","host","rules","functions_emulator","seed_from_export"],"joinArgs":false} {"metadata":{"emulator":{"name":"firestore"},"message":"Starting Firestore Emulator with command {\"binary\":\"java\",\"args\":[\"-Dgoogle.cloud_firestore.debug_log_level=FINE\",\"-Duser.language=en\",\"-jar\",\"/Users/ren/.cache/firebase/emulators/cloud-firestore-emulator-v1.13.1.jar\",\"--host\",\"localhost\",\"--port\",8080],\"optionalArgs\":[\"port\",\"webchannel_port\",\"host\",\"rules\",\"functions_emulator\",\"seed_from_export\"],\"joinArgs\":false}"}}
[info] i  firestore: Firestore Emulator logging to firestore-debug.log {"metadata":{"emulator":{"name":"firestore"},"message":"Firestore Emulator logging to \u001b[1mfirestore-debug.log\u001b[22m"}}
[debug] [2021-09-19T07:00:28.766Z] Sep 19, 2021 4:00:28 PM com.google.cloud.datastore.emulator.firestore.websocket.WebSocketServer start
INFO: Started WebSocket server on ws://localhost:58450
 {"metadata":{"emulator":{"name":"firestore"},"message":"Sep 19, 2021 4:00:28 PM com.google.cloud.datastore.emulator.firestore.websocket.WebSocketServer start\nINFO: Started WebSocket server on ws://localhost:58450\n"}}
[debug] [2021-09-19T07:00:28.783Z] API endpoint: http://localhost:8080 {"metadata":{"emulator":{"name":"firestore"},"message":"API endpoint: http://localhost:8080"}}
[debug] [2021-09-19T07:00:28.783Z] 
If you are using a library that supports the FIRESTORE_EMULATOR_HOST environment variable, run:

   export FIRESTORE_EMULATOR_HOST=localhost:8080

Dev App Server is now running.

 {"metadata":{"emulator":{"name":"firestore"},"message":"\nIf you are using a library that supports the FIRESTORE_EMULATOR_HOST environment variable, run:\n\n   export FIRESTORE_EMULATOR_HOST=localhost:8080\n\nDev App Server is now running.\n\n"}}
[debug] [2021-09-19T07:00:30.662Z] Ignoring unsupported arg: port {"metadata":{"emulator":{"name":"storage"},"message":"Ignoring unsupported arg: port"}}
[debug] [2021-09-19T07:00:31.021Z] Temp file directory for storage emulator: /var/folders/19/b3y5swk53mzbj1vjsrhwvzp00000gn/T/firebase/storage/blobs {"metadata":{"emulator":{"name":"storage"},"message":"Temp file directory for storage emulator: /var/folders/19/b3y5swk53mzbj1vjsrhwvzp00000gn/T/firebase/storage/blobs"}}
[debug] [2021-09-19T07:00:32.170Z] > refreshing access token with scopes: []
[debug] [2021-09-19T07:00:32.171Z] >>> HTTP REQUEST POST https://www.googleapis.com/oauth2/v3/token  
 <request body omitted>
[debug] [2021-09-19T07:00:32.412Z] <<< HTTP RESPONSE 200 {"date":"Sun, 19 Sep 2021 07:00:32 GMT","pragma":"no-cache","expires":"Mon, 01 Jan 1990 00:00:00 GMT","cache-control":"no-cache, no-store, max-age=0, must-revalidate","content-type":"application/json; charset=utf-8","vary":"X-Origin, Referer, Origin,Accept-Encoding","server":"scaffolding on HTTPServer2","x-xss-protection":"0","x-frame-options":"SAMEORIGIN","x-content-type-options":"nosniff","alt-svc":"h3=\":443\"; ma=2592000,h3-29=\":443\"; ma=2592000,h3-T051=\":443\"; ma=2592000,h3-Q050=\":443\"; ma=2592000,h3-Q046=\":443\"; ma=2592000,h3-Q043=\":443\"; ma=2592000,quic=\":443\"; ma=2592000; v=\"46,43\"","accept-ranges":"none","transfer-encoding":"chunked"}
[debug] [2021-09-19T07:00:32.463Z] >>> [apiv2][query] GET https://firebasehosting.googleapis.com/v1beta1/projects/myjlab-summer-tem-m/sites 
[debug] [2021-09-19T07:00:33.593Z] <<< [apiv2][status] GET https://firebasehosting.googleapis.com/v1beta1/projects/myjlab-summer-tem-m/sites 200
[debug] [2021-09-19T07:00:33.593Z] <<< [apiv2][body] GET https://firebasehosting.googleapis.com/v1beta1/projects/myjlab-summer-tem-m/sites {"sites":[{"name":"projects/917822943614/sites/myj-videogram","defaultUrl":"https://myj-videogram.web.app","appId":"1:917822943614:web:be518919882849e5fd432f","type":"USER_SITE"},{"name":"projects/917822943614/sites/myjlab-summer-tem-m","defaultUrl":"https://myjlab-summer-tem-m.web.app","type":"DEFAULT_SITE"}]}
[debug] [2021-09-19T07:00:33.593Z] >>> [apiv2][query] GET https://firebase.googleapis.com/v1beta1/projects/myjlab-summer-tem-m/webApps/-/config [none]
[debug] [2021-09-19T07:00:34.916Z] <<< [apiv2][status] GET https://firebase.googleapis.com/v1beta1/projects/myjlab-summer-tem-m/webApps/-/config 200
[debug] [2021-09-19T07:00:34.916Z] <<< [apiv2][body] GET https://firebase.googleapis.com/v1beta1/projects/myjlab-summer-tem-m/webApps/-/config {"projectId":"myjlab-summer-tem-m","appId":"1:917822943614:web:be518919882849e5fd432f","databaseURL":"https://myjlab-summer-tem-m-default-rtdb.asia-southeast1.firebasedatabase.app","storageBucket":"myjlab-summer-tem-m.appspot.com","locationId":"us-central","apiKey":"AIzaSyAhPERjK_3C8mZGlmLKAe6N8WO0P1tHqvE","authDomain":"myjlab-summer-tem-m.firebaseapp.com","messagingSenderId":"917822943614","measurementId":"G-02LZZZ2LK1"}
[info] i  hosting: Serving hosting files from: dist {"metadata":{"emulator":{"name":"hosting"},"message":"Serving hosting files from: \u001b[1mdist\u001b[22m"}}
[info] ✔  hosting: Local server: http://localhost:5000 {"metadata":{"emulator":{"name":"hosting"},"message":"Local server: \u001b[4m\u001b[1mhttp://localhost:5000\u001b[22m\u001b[24m"}}
[debug] [2021-09-19T07:00:35.080Z] Ignoring unsupported arg: auto_download {"metadata":{"emulator":{"name":"ui"},"message":"Ignoring unsupported arg: auto_download"}}
[debug] [2021-09-19T07:00:35.080Z] Ignoring unsupported arg: port {"metadata":{"emulator":{"name":"ui"},"message":"Ignoring unsupported arg: port"}}
[debug] [2021-09-19T07:00:35.081Z] Starting Emulator UI with command {"binary":"node","args":["/Users/ren/.cache/firebase/emulators/ui-v1.6.3/server.bundle.js"],"optionalArgs":[],"joinArgs":false} {"metadata":{"emulator":{"name":"ui"},"message":"Starting Emulator UI with command {\"binary\":\"node\",\"args\":[\"/Users/ren/.cache/firebase/emulators/ui-v1.6.3/server.bundle.js\"],\"optionalArgs\":[],\"joinArgs\":false}"}}
[info] i  ui: Emulator UI logging to ui-debug.log {"metadata":{"emulator":{"name":"ui"},"message":"Emulator UI logging to \u001b[1mui-debug.log\u001b[22m"}}
[debug] [2021-09-19T07:00:35.208Z] Web / API server started at localhost:4000
 {"metadata":{"emulator":{"name":"ui"},"message":"Web / API server started at localhost:4000\n"}}
[info] 
┌─────────────────────────────────────────────────────────────┐
│ ✔  All emulators ready! It is now safe to connect your app. │
│ i  View Emulator UI at http://localhost:4000                │
└─────────────────────────────────────────────────────────────┘

┌────────────────┬────────────────┬─────────────────────────────────┐
│ Emulator       │ Host:Port      │ View in Emulator UI             │
├────────────────┼────────────────┼─────────────────────────────────┤
│ Authentication │ localhost:9099 │ http://localhost:4000/auth      │
├────────────────┼────────────────┼─────────────────────────────────┤
│ Firestore      │ localhost:8080 │ http://localhost:4000/firestore │
├────────────────┼────────────────┼─────────────────────────────────┤
│ Hosting        │ localhost:5000 │ n/a                             │
├────────────────┼────────────────┼─────────────────────────────────┤
│ Storage        │ localhost:9199 │ http://localhost:4000/storage   │
└────────────────┴────────────────┴─────────────────────────────────┘
  Emulator Hub running at localhost:4400
  Other reserved ports: 4500

Issues? Report them at https://github.com/firebase/firebase-tools/issues and attach the *-debug.log files.
 
